{"name": "test_orangehrm_addemployee", "status": "broken", "statusDetails": {"message": "selenium.common.exceptions.TimeoutException: Message: \nStacktrace:\n\tGetHandleVerifier [0x00271673+52979]\n\t(No symbol) [0x001F7961]\n\t(No symbol) [0x000DDD3D]\n\t(No symbol) [0x00115FBB]\n\t(No symbol) [0x001160FB]\n\t(No symbol) [0x0014CF92]\n\t(No symbol) [0x00134534]\n\t(No symbol) [0x0014B3FE]\n\t(No symbol) [0x00134286]\n\t(No symbol) [0x0010C063]\n\t(No symbol) [0x0010CECD]\n\tGetHandleVerifier [0x00588D83+3294723]\n\tGetHandleVerifier [0x005C6CC2+3548482]\n\tGetHandleVerifier [0x005C1C9C+3527964]\n\tGetHandleVerifier [0x0030870E+671630]\n\t(No symbol) [0x00201EB4]\n\t(No symbol) [0x001FD808]\n\t(No symbol) [0x001FD92D]\n\t(No symbol) [0x001EF7E0]\n\tBaseThreadInitThunk [0x760DFCC9+25]\n\tRtlGetAppContainerNamedObjectPath [0x771A7C5E+286]\n\tRtlGetAppContainerNamedObjectPath [0x771A7C2E+238]\n\t(No symbol) [0x00000000]", "trace": "self = <orangehrmtestcases.test_orangehrm.Test_OrangeHrm object at 0x0000021C2EFB1090>\nuser_data = {'Password': 'admin123', 'Username': 'Admin', 'emp_name': 'a', 'emp_password': 'Saiteja@123', ...}\n\n    def test_orangehrm_addemployee(self,user_data) :\n        self.loginpage.login(user_data['Username'],user_data['Password'])\n>       self.adminpage.add_employee(user_data['emp_name'],user_data['emp_username'],user_data['emp_password'])\n\norangehrmtestcases\\test_orangehrm.py:21: \n_ _ _ _ _ _ _ _ _ _ _ _ _ _ _ _ _ _ _ _ _ _ _ _ _ _ _ _ _ _ _ _ _ _ _ _ _ _ _ _ _ _ _ _ _ _ _ _ _ _ _ _ _ _ _ _ _ _ _ _ _ _ _ _ _ _ _ _\norangehrmpages\\adminpage.py:38: in add_employee\n    self.webelement_input(self.password_input,password)\norangehrmhelper\\selenium_actions.py:14: in webelement_input\n    WebDriverWait(self.driver,10).until(EC.visibility_of_element_located(locator)).send_keys(text)\n_ _ _ _ _ _ _ _ _ _ _ _ _ _ _ _ _ _ _ _ _ _ _ _ _ _ _ _ _ _ _ _ _ _ _ _ _ _ _ _ _ _ _ _ _ _ _ _ _ _ _ _ _ _ _ _ _ _ _ _ _ _ _ _ _ _ _ _\n\nself = <selenium.webdriver.support.wait.WebDriverWait (session=\"4e92525c79a8d232908d239918f50d05\")>\nmethod = <function visibility_of_element_located.<locals>._predicate at 0x0000021C2F27A5C0>, message = ''\n\n    def until(self, method: Callable[[D], Union[Literal[False], T]], message: str = \"\") -> T:\n        \"\"\"Calls the method provided with the driver as an argument until the \\\n        return value does not evaluate to ``False``.\n    \n        :param method: callable(WebDriver)\n        :param message: optional message for :exc:`TimeoutException`\n        :returns: the result of the last call to `method`\n        :raises: :exc:`selenium.common.exceptions.TimeoutException` if timeout occurs\n        \"\"\"\n        screen = None\n        stacktrace = None\n    \n        end_time = time.monotonic() + self._timeout\n        while True:\n            try:\n                value = method(self._driver)\n                if value:\n                    return value\n            except self._ignored_exceptions as exc:\n                screen = getattr(exc, \"screen\", None)\n                stacktrace = getattr(exc, \"stacktrace\", None)\n            time.sleep(self._poll)\n            if time.monotonic() > end_time:\n                break\n>       raise TimeoutException(message, screen, stacktrace)\nE       selenium.common.exceptions.TimeoutException: Message: \nE       Stacktrace:\nE       \tGetHandleVerifier [0x00271673+52979]\nE       \t(No symbol) [0x001F7961]\nE       \t(No symbol) [0x000DDD3D]\nE       \t(No symbol) [0x00115FBB]\nE       \t(No symbol) [0x001160FB]\nE       \t(No symbol) [0x0014CF92]\nE       \t(No symbol) [0x00134534]\nE       \t(No symbol) [0x0014B3FE]\nE       \t(No symbol) [0x00134286]\nE       \t(No symbol) [0x0010C063]\nE       \t(No symbol) [0x0010CECD]\nE       \tGetHandleVerifier [0x00588D83+3294723]\nE       \tGetHandleVerifier [0x005C6CC2+3548482]\nE       \tGetHandleVerifier [0x005C1C9C+3527964]\nE       \tGetHandleVerifier [0x0030870E+671630]\nE       \t(No symbol) [0x00201EB4]\nE       \t(No symbol) [0x001FD808]\nE       \t(No symbol) [0x001FD92D]\nE       \t(No symbol) [0x001EF7E0]\nE       \tBaseThreadInitThunk [0x760DFCC9+25]\nE       \tRtlGetAppContainerNamedObjectPath [0x771A7C5E+286]\nE       \tRtlGetAppContainerNamedObjectPath [0x771A7C2E+238]\nE       \t(No symbol) [0x00000000]\n\nenv\\Lib\\site-packages\\selenium\\webdriver\\support\\wait.py:105: TimeoutException"}, "start": 1707474385183, "stop": 1707474408162, "uuid": "8742cf8a-089c-4f8b-bdd9-137e0027d65e", "historyId": "6da63f66e00bc0644f69e16b33df0cae", "testCaseId": "6da63f66e00bc0644f69e16b33df0cae", "fullName": "orangehrmtestcases.test_orangehrm.Test_OrangeHrm#test_orangehrm_addemployee", "labels": [{"name": "tag", "value": "@pytest.mark.usefixtures('browser_setup', 'log_on_failure')"}, {"name": "parentSuite", "value": "orangehrmtestcases"}, {"name": "suite", "value": "test_orangehrm"}, {"name": "subSuite", "value": "Test_OrangeHrm"}, {"name": "host", "value": "FEUJI-V005D"}, {"name": "thread", "value": "9028-MainThread"}, {"name": "framework", "value": "pytest"}, {"name": "language", "value": "cpython3"}, {"name": "package", "value": "orangehrmtestcases.test_orangehrm"}]}